<?xml version="1.0" encoding="UTF-8"?>
<testng-results ignored="0" total="1" passed="1" failed="0" skipped="0">
  <reporter-output>
  </reporter-output>
  <suite started-at="2024-06-09T14:05:13 IST" name="Default suite" finished-at="2024-06-09T14:05:14 IST" duration-ms="1353">
    <groups>
    </groups>
    <test started-at="2024-06-09T14:05:13 IST" name="Default test" finished-at="2024-06-09T14:05:14 IST" duration-ms="1353">
      <class name="com.practiseSelenium2.WritingDataIntoExcel">
        <test-method signature="testExcelWriting()[pri:0, instance:com.practiseSelenium2.WritingDataIntoExcel@3e84448c]" started-at="2024-06-09T14:05:13 IST" name="testExcelWriting" finished-at="2024-06-09T14:05:14 IST" duration-ms="1316" status="PASS">
          <reporter-output>
          </reporter-output>
        </test-method> <!-- testExcelWriting -->
      </class> <!-- com.practiseSelenium2.WritingDataIntoExcel -->
    </test> <!-- Default test -->
  </suite> <!-- Default suite -->
</testng-results>
